<?xml version="1.0" encoding="UTF-8"?>
<testng-results ignored="0" total="1" passed="1" failed="0" skipped="0">
  <reporter-output>
  </reporter-output>
  <suite started-at="2023-04-27T12:47:17 CDT" name="Suite" finished-at="2023-04-27T12:47:22 CDT" duration-ms="5129">
    <groups>
    </groups>
    <test started-at="2023-04-27T12:47:17 CDT" name="Test" finished-at="2023-04-27T12:47:22 CDT" duration-ms="5129">
      <class name="testCases.TC_001_LoginTest">
        <test-method is-config="true" signature="setup(java.lang.String)[pri:0, instance:testCases.TC_001_LoginTest@293a5bf6]" started-at="2023-04-27T12:47:17 CDT" name="setup" finished-at="2023-04-27T12:47:22 CDT" duration-ms="4373" status="PASS">
          <params>
            <param index="0">
              <value>
                <![CDATA[firefox]]>
              </value>
            </param>
          </params>
          <reporter-output>
          </reporter-output>
        </test-method> <!-- setup -->
        <test-method signature="test_Login()[pri:0, instance:testCases.TC_001_LoginTest@293a5bf6]" started-at="2023-04-27T12:47:22 CDT" name="test_Login" finished-at="2023-04-27T12:47:22 CDT" duration-ms="569" status="PASS">
          <reporter-output>
          </reporter-output>
        </test-method> <!-- test_Login -->
        <test-method is-config="true" signature="tearDown()[pri:0, instance:testCases.TC_001_LoginTest@293a5bf6]" started-at="2023-04-27T12:47:22 CDT" name="tearDown" finished-at="2023-04-27T12:47:22 CDT" duration-ms="0" status="PASS">
          <reporter-output>
          </reporter-output>
        </test-method> <!-- tearDown -->
      </class> <!-- testCases.TC_001_LoginTest -->
    </test> <!-- Test -->
  </suite> <!-- Suite -->
</testng-results>
